[debug] [2025-02-22T10:40:13.437Z] ----------------------------------------------------------------------
[debug] [2025-02-22T10:40:13.463Z] Command:       C:\Program Files\nodejs\node.exe C:\Users\LENOVO\AppData\Roaming\npm\node_modules\firebase-tools\lib\bin\firebase.js init
[debug] [2025-02-22T10:40:13.466Z] CLI Version:   13.31.2
[debug] [2025-02-22T10:40:13.468Z] Platform:      win32
[debug] [2025-02-22T10:40:13.469Z] Node Version:  v20.15.0
[debug] [2025-02-22T10:40:13.469Z] Time:          Sat Feb 22 2025 16:40:13 GMT+0600 (Bangladesh Standard Time)
[debug] [2025-02-22T10:40:13.471Z] ----------------------------------------------------------------------
[debug] 
[debug] [2025-02-22T10:40:13.496Z] >>> [apiv2][query] GET https://firebase-public.firebaseio.com/cli.json [none]
[debug] [2025-02-22T10:40:13.952Z] > command requires scopes: ["email","openid","https://www.googleapis.com/auth/cloudplatformprojects.readonly","https://www.googleapis.com/auth/firebase","https://www.googleapis.com/auth/cloud-platform"]
[debug] [2025-02-22T10:40:13.955Z] > authorizing via signed-in user (mdniloyhasan544@gmail.com)
[info] 
     ######## #### ########  ######## ########     ###     ######  ########
     ##        ##  ##     ## ##       ##     ##  ##   ##  ##       ##
     ######    ##  ########  ######   ########  #########  ######  ######
     ##        ##  ##    ##  ##       ##     ## ##     ##       ## ##
     ##       #### ##     ## ######## ########  ##     ##  ######  ########

You're about to initialize a Firebase project in this directory:

  D:\Programming hero\SCIC\Job_Task_Server_site

[debug] [2025-02-22T10:40:15.114Z] <<< [apiv2][status] GET https://firebase-public.firebaseio.com/cli.json 200
[debug] [2025-02-22T10:40:15.118Z] <<< [apiv2][body] GET https://firebase-public.firebaseio.com/cli.json {"cloudBuildErrorAfter":1594252800000,"cloudBuildWarnAfter":1590019200000,"defaultNode10After":1594252800000,"minVersion":"3.0.5","node8DeploysDisabledAfter":1613390400000,"node8RuntimeDisabledAfter":1615809600000,"node8WarnAfter":1600128000000}
[info] 
=== Project Setup
[info] 
[info] First, let's associate this project directory with a Firebase project.
[info] You can create multiple project aliases by running firebase use --add, 
[info] but for now we'll just set up a default project.
[info] 
[debug] [2025-02-22T10:41:25.188Z] Checked if tokens are valid: false, expires at: 1739977695575
[debug] [2025-02-22T10:41:25.189Z] Checked if tokens are valid: false, expires at: 1739977695575
[debug] [2025-02-22T10:41:25.191Z] > refreshing access token with scopes: []
[debug] [2025-02-22T10:41:25.201Z] >>> [apiv2][query] POST https://www.googleapis.com/oauth2/v3/token [none]
[debug] [2025-02-22T10:41:25.202Z] >>> [apiv2][body] POST https://www.googleapis.com/oauth2/v3/token [omitted]
[debug] [2025-02-22T10:41:25.631Z] <<< [apiv2][status] POST https://www.googleapis.com/oauth2/v3/token 200
[debug] [2025-02-22T10:41:25.632Z] <<< [apiv2][body] POST https://www.googleapis.com/oauth2/v3/token [omitted]
[debug] [2025-02-22T10:41:25.685Z] >>> [apiv2][query] GET https://firebase.googleapis.com/v1beta1/projects pageSize=100
[debug] [2025-02-22T10:41:26.871Z] <<< [apiv2][status] GET https://firebase.googleapis.com/v1beta1/projects 200
[debug] [2025-02-22T10:41:26.872Z] <<< [apiv2][body] GET https://firebase.googleapis.com/v1beta1/projects [omitted]
